<?xml version="1.0" encoding="UTF-8"?>
<testng-results skipped="0" failed="0" ignored="0" total="1" passed="1">
  <reporter-output>
  </reporter-output>
  <suite name="Suite" duration-ms="13707" started-at="2020-01-22T08:35:30Z" finished-at="2020-01-22T08:35:44Z">
    <groups>
    </groups>
    <test name="testngTest" duration-ms="13707" started-at="2020-01-22T08:35:30Z" finished-at="2020-01-22T08:35:44Z">
      <class name="tests.Carpeesh_Test">
        <test-method status="PASS" signature="setUp()[pri:0, instance:tests.Carpeesh_Test@598067a5]" name="setUp" is-config="true" duration-ms="10250" started-at="2020-01-22T14:05:20Z" finished-at="2020-01-22T14:05:30Z">
          <reporter-output>
          </reporter-output>
        </test-method> <!-- setUp -->
        <test-method status="PASS" signature="beforeMethod()[pri:0, instance:tests.Carpeesh_Test@598067a5]" name="beforeMethod" is-config="true" duration-ms="8284" started-at="2020-01-22T14:05:30Z" finished-at="2020-01-22T14:05:38Z">
          <reporter-output>
          </reporter-output>
        </test-method> <!-- beforeMethod -->
        <test-method status="PASS" signature="carpeesh()[pri:0, instance:tests.Carpeesh_Test@598067a5]" name="carpeesh" duration-ms="5417" started-at="2020-01-22T14:05:38Z" finished-at="2020-01-22T14:05:44Z">
          <reporter-output>
          </reporter-output>
        </test-method> <!-- carpeesh -->
        <test-method status="PASS" signature="afterMethod(org.testng.ITestResult)[pri:0, instance:tests.Carpeesh_Test@598067a5]" name="afterMethod" is-config="true" duration-ms="2" started-at="2020-01-22T14:05:44Z" finished-at="2020-01-22T14:05:44Z">
          <params>
            <param index="0">
              <value>
                <![CDATA[[TestResult name=carpeesh status=SUCCESS method=Carpeesh_Test.carpeesh()[pri:0, instance:tests.Carpeesh_Test@598067a5] output={null}]]]>
              </value>
            </param>
          </params>
          <reporter-output>
          </reporter-output>
        </test-method> <!-- afterMethod -->
        <test-method status="PASS" signature="tearDown()[pri:0, instance:tests.Carpeesh_Test@598067a5]" name="tearDown" is-config="true" duration-ms="894" started-at="2020-01-22T14:05:44Z" finished-at="2020-01-22T14:05:44Z">
          <reporter-output>
          </reporter-output>
        </test-method> <!-- tearDown -->
      </class> <!-- tests.Carpeesh_Test -->
    </test> <!-- testngTest -->
  </suite> <!-- Suite -->
</testng-results>
